TN:
SF:api.js
FN:45,(anonymous_0)
FN:54,(anonymous_1)
FN:58,(anonymous_2)
FN:59,(anonymous_3)
FN:94,(anonymous_4)
FN:103,(anonymous_5)
FN:105,(anonymous_6)
FNF:7
FNH:7
FNDA:5,(anonymous_0)
FNDA:4,(anonymous_1)
FNDA:14,(anonymous_2)
FNDA:11,(anonymous_3)
FNDA:1,(anonymous_4)
FNDA:5,(anonymous_5)
FNDA:19,(anonymous_6)
DA:2,4
DA:3,4
DA:4,4
DA:5,4
DA:7,4
DA:8,4
DA:11,4
DA:12,4
DA:13,4
DA:20,4
DA:21,4
DA:24,4
DA:25,4
DA:26,4
DA:27,4
DA:30,4
DA:31,4
DA:32,4
DA:33,4
DA:37,4
DA:38,4
DA:45,4
DA:48,5
DA:49,5
DA:51,5
DA:54,5
DA:57,4
DA:58,14
DA:59,3
DA:60,11
DA:61,3
DA:62,3
DA:64,3
DA:68,1
DA:69,1
DA:70,1
DA:71,1
DA:73,0
DA:79,4
DA:82,4
DA:83,4
DA:84,3
DA:87,0
DA:89,3
DA:94,5
DA:96,1
DA:99,1
DA:100,1
DA:103,5
DA:105,5
DA:106,19
DA:107,4
DA:108,4
DA:113,5
DA:124,4
LF:55
LH:53
BRDA:48,0,0,5
BRDA:48,0,1,0
BRDA:58,1,0,3
BRDA:58,1,1,1
BRDA:60,2,0,3
BRDA:60,2,1,8
BRDA:106,3,0,4
BRDA:106,3,1,15
BRF:8
BRH:7
end_of_record
TN:
SF:Controllers/flashcards.js
FN:12,(anonymous_0)
FN:27,(anonymous_1)
FN:84,(anonymous_2)
FN:109,(anonymous_3)
FN:124,(anonymous_4)
FN:137,(anonymous_5)
FN:164,(anonymous_6)
FN:166,(anonymous_7)
FN:169,(anonymous_8)
FN:202,(anonymous_9)
FN:211,(anonymous_10)
FN:226,(anonymous_11)
FNF:12
FNH:2
FNDA:1,(anonymous_0)
FNDA:0,(anonymous_1)
FNDA:0,(anonymous_2)
FNDA:0,(anonymous_3)
FNDA:1,(anonymous_4)
FNDA:0,(anonymous_5)
FNDA:0,(anonymous_6)
FNDA:0,(anonymous_7)
FNDA:0,(anonymous_8)
FNDA:0,(anonymous_9)
FNDA:0,(anonymous_10)
FNDA:0,(anonymous_11)
DA:1,4
DA:2,4
DA:3,4
DA:4,4
DA:5,4
DA:7,4
DA:12,4
DA:13,1
DA:15,1
DA:17,1
DA:18,0
DA:19,1
DA:20,0
DA:22,1
DA:27,4
DA:28,0
DA:29,0
DA:32,0
DA:33,0
DA:36,0
DA:37,0
DA:39,0
DA:40,0
DA:43,0
DA:44,0
DA:46,0
DA:47,0
DA:48,0
DA:49,0
DA:52,0
DA:53,0
DA:55,0
DA:57,0
DA:58,0
DA:60,0
DA:61,0
DA:64,0
DA:65,0
DA:67,0
DA:68,0
DA:69,0
DA:70,0
DA:72,0
DA:76,0
DA:84,4
DA:85,0
DA:86,0
DA:88,0
DA:90,0
DA:91,0
DA:93,0
DA:94,0
DA:96,0
DA:97,0
DA:99,0
DA:101,0
DA:102,0
DA:104,0
DA:109,4
DA:110,0
DA:111,0
DA:113,0
DA:115,0
DA:116,0
DA:117,0
DA:118,0
DA:120,0
DA:124,4
DA:125,1
DA:127,1
DA:128,1
DA:130,1
DA:131,0
DA:133,1
DA:137,4
DA:138,0
DA:139,0
DA:140,0
DA:142,0
DA:143,0
DA:144,0
DA:146,0
DA:148,0
DA:154,0
DA:164,0
DA:165,0
DA:166,0
DA:167,0
DA:169,0
DA:170,0
DA:171,0
DA:174,0
DA:175,0
DA:177,0
DA:179,0
DA:181,0
DA:182,0
DA:184,0
DA:185,0
DA:186,0
DA:187,0
DA:189,0
DA:193,0
DA:194,0
DA:198,0
DA:202,0
DA:203,0
DA:206,0
DA:207,0
DA:211,4
DA:212,0
DA:214,0
DA:216,0
DA:217,0
DA:218,0
DA:219,0
DA:221,0
DA:226,4
DA:227,0
DA:228,0
DA:230,0
DA:232,0
DA:233,0
DA:235,0
DA:236,0
DA:238,0
DA:239,0
DA:241,0
DA:243,0
DA:244,0
DA:246,0
DA:257,4
LF:132
LH:25
BRDA:17,0,0,0
BRDA:17,0,1,1
BRDA:19,1,0,0
BRDA:19,1,1,1
BRDA:39,2,0,0
BRDA:39,2,1,0
BRDA:39,3,0,0
BRDA:39,3,1,0
BRDA:39,3,2,0
BRDA:39,3,3,0
BRDA:40,4,0,0
BRDA:40,4,1,0
BRDA:46,5,0,0
BRDA:46,5,1,0
BRDA:48,6,0,0
BRDA:48,6,1,0
BRDA:55,7,0,0
BRDA:55,7,1,0
BRDA:60,8,0,0
BRDA:60,8,1,0
BRDA:67,9,0,0
BRDA:67,9,1,0
BRDA:69,10,0,0
BRDA:69,10,1,0
BRDA:90,11,0,0
BRDA:90,11,1,0
BRDA:96,12,0,0
BRDA:96,12,1,0
BRDA:101,13,0,0
BRDA:101,13,1,0
BRDA:115,14,0,0
BRDA:115,14,1,0
BRDA:117,15,0,0
BRDA:117,15,1,0
BRDA:130,16,0,0
BRDA:130,16,1,1
BRDA:186,17,0,0
BRDA:186,17,1,0
BRDA:193,18,0,0
BRDA:193,18,1,0
BRDA:216,19,0,0
BRDA:216,19,1,0
BRDA:218,20,0,0
BRDA:218,20,1,0
BRDA:218,21,0,0
BRDA:218,21,1,0
BRDA:232,22,0,0
BRDA:232,22,1,0
BRDA:238,23,0,0
BRDA:238,23,1,0
BRDA:243,24,0,0
BRDA:243,24,1,0
BRF:52
BRH:3
end_of_record
TN:
SF:Controllers/students.js
FN:6,(anonymous_0)
FN:20,(anonymous_1)
FN:36,(anonymous_2)
FN:50,(anonymous_3)
FNF:4
FNH:4
FNDA:2,(anonymous_0)
FNDA:1,(anonymous_1)
FNDA:1,(anonymous_2)
FNDA:2,(anonymous_3)
DA:1,4
DA:2,4
DA:6,4
DA:7,2
DA:9,2
DA:11,2
DA:12,1
DA:13,1
DA:14,0
DA:16,1
DA:20,4
DA:21,1
DA:22,1
DA:24,1
DA:25,1
DA:28,1
DA:29,1
DA:31,0
DA:36,4
DA:37,1
DA:38,1
DA:39,1
DA:41,1
DA:42,0
DA:43,1
DA:44,0
DA:46,1
DA:50,4
DA:51,2
DA:52,2
DA:54,2
DA:55,0
DA:56,2
DA:57,0
DA:59,2
DA:66,4
LF:36
LH:30
BRDA:11,0,0,1
BRDA:11,0,1,1
BRDA:13,1,0,0
BRDA:13,1,1,1
BRDA:41,2,0,0
BRDA:41,2,1,1
BRDA:43,3,0,0
BRDA:43,3,1,1
BRDA:54,4,0,0
BRDA:54,4,1,2
BRDA:56,5,0,0
BRDA:56,5,1,2
BRF:12
BRH:7
end_of_record
TN:
SF:Controllers/teachers.js
FN:5,(anonymous_0)
FN:19,(anonymous_1)
FN:32,(anonymous_2)
FN:42,(anonymous_3)
FNF:4
FNH:4
FNDA:1,(anonymous_0)
FNDA:1,(anonymous_1)
FNDA:1,(anonymous_2)
FNDA:1,(anonymous_3)
DA:1,4
DA:3,4
DA:5,4
DA:6,1
DA:7,1
DA:9,1
DA:10,1
DA:12,1
DA:13,1
DA:15,0
DA:19,4
DA:20,1
DA:21,1
DA:23,1
DA:24,0
DA:25,1
DA:26,0
DA:28,1
DA:32,4
DA:33,1
DA:35,1
DA:36,0
DA:38,1
DA:42,4
DA:43,1
DA:44,1
DA:45,1
DA:47,1
DA:48,0
DA:50,1
DA:55,4
LF:31
LH:26
BRDA:23,0,0,0
BRDA:23,0,1,1
BRDA:25,1,0,0
BRDA:25,1,1,1
BRDA:35,2,0,0
BRDA:35,2,1,1
BRDA:47,3,0,0
BRDA:47,3,1,1
BRF:8
BRH:4
end_of_record
TN:
SF:Controllers/users.js
FN:5,register
FN:20,login
FNF:2
FNH:2
FNDA:3,register
FNDA:3,login
DA:1,4
DA:3,4
DA:6,3
DA:7,3
DA:9,3
DA:10,3
DA:12,2
DA:13,2
DA:16,1
DA:21,3
DA:22,3
DA:25,3
DA:27,3
DA:30,2
DA:31,1
DA:33,1
DA:36,2
DA:40,4
LF:18
LH:18
BRDA:30,0,0,1
BRDA:30,0,1,1
BRF:2
BRH:2
end_of_record
TN:
SF:Models/Users.js
FN:5,(anonymous_0)
FN:15,(anonymous_1)
FN:23,(anonymous_2)
FN:31,(anonymous_3)
FNF:4
FNH:4
FNDA:9,(anonymous_0)
FNDA:2,(anonymous_1)
FNDA:2,(anonymous_2)
FNDA:1,(anonymous_3)
DA:1,4
DA:2,4
DA:6,9
DA:7,9
DA:8,9
DA:9,9
DA:10,9
DA:11,9
DA:12,9
DA:16,2
DA:17,2
DA:18,1
DA:20,1
DA:24,2
DA:25,2
DA:26,1
DA:28,1
DA:32,1
DA:33,1
DA:34,1
DA:36,1
DA:37,1
DA:38,1
DA:41,4
LF:24
LH:24
BRDA:17,0,0,1
BRDA:17,0,1,1
BRDA:25,1,0,1
BRDA:25,1,1,1
BRF:4
BRH:4
end_of_record
TN:
SF:Models/flashcards.js
FN:10,(anonymous_0)
FN:25,(anonymous_1)
FN:54,(anonymous_2)
FN:81,(anonymous_3)
FN:94,(anonymous_4)
FN:108,(anonymous_5)
FN:131,(anonymous_6)
FN:189,(anonymous_7)
FN:217,(anonymous_8)
FN:244,(anonymous_9)
FN:257,(anonymous_10)
FN:272,(anonymous_11)
FN:291,(anonymous_12)
FNF:13
FNH:2
FNDA:1,(anonymous_0)
FNDA:0,(anonymous_1)
FNDA:0,(anonymous_2)
FNDA:0,(anonymous_3)
FNDA:0,(anonymous_4)
FNDA:0,(anonymous_5)
FNDA:1,(anonymous_6)
FNDA:0,(anonymous_7)
FNDA:0,(anonymous_8)
FNDA:0,(anonymous_9)
FNDA:0,(anonymous_10)
FNDA:0,(anonymous_11)
FNDA:0,(anonymous_12)
DA:1,4
DA:2,4
DA:3,4
DA:4,4
DA:6,4
DA:8,4
DA:11,1
DA:12,1
DA:13,1
DA:14,1
DA:16,0
DA:19,0
DA:20,0
DA:26,0
DA:27,0
DA:42,0
DA:44,0
DA:46,0
DA:47,0
DA:55,0
DA:56,0
DA:63,0
DA:64,0
DA:67,0
DA:76,0
DA:77,0
DA:82,0
DA:83,0
DA:87,0
DA:89,0
DA:90,0
DA:95,0
DA:96,0
DA:100,0
DA:102,0
DA:103,0
DA:109,0
DA:110,0
DA:120,0
DA:122,0
DA:123,0
DA:132,1
DA:134,1
DA:136,1
DA:138,1
DA:139,1
DA:140,1
DA:141,0
DA:142,0
DA:146,1
DA:147,1
DA:151,0
DA:152,0
DA:154,0
DA:155,0
DA:156,0
DA:157,0
DA:158,0
DA:159,0
DA:164,0
DA:170,0
DA:171,0
DA:172,0
DA:176,0
DA:178,0
DA:181,0
DA:182,0
DA:190,0
DA:191,0
DA:206,0
DA:207,0
DA:210,0
DA:211,0
DA:218,0
DA:219,0
DA:226,0
DA:227,0
DA:230,0
DA:239,0
DA:240,0
DA:245,0
DA:246,0
DA:250,0
DA:252,0
DA:253,0
DA:258,0
DA:259,0
DA:263,0
DA:265,0
DA:266,0
DA:273,0
DA:274,0
DA:280,0
DA:282,0
DA:284,0
DA:285,0
DA:292,0
DA:293,0
DA:298,0
DA:299,0
DA:301,0
DA:304,0
DA:305,0
DA:311,4
LF:104
LH:19
BRDA:13,0,0,1
BRDA:13,0,1,0
BRDA:63,1,0,0
BRDA:63,1,1,0
BRDA:140,2,0,0
BRDA:140,2,1,1
BRDA:146,3,0,1
BRDA:146,3,1,0
BRDA:154,4,0,0
BRDA:154,4,1,0
BRDA:158,5,0,0
BRDA:158,5,1,0
BRDA:170,6,0,0
BRDA:170,6,1,0
BRDA:226,7,0,0
BRDA:226,7,1,0
BRDA:298,8,0,0
BRDA:298,8,1,0
BRF:18
BRH:3
end_of_record
TN:
SF:Models/students.js
FN:6,(anonymous_0)
FN:21,(anonymous_1)
FN:42,(anonymous_2)
FN:57,(anonymous_3)
FNF:4
FNH:4
FNDA:3,(anonymous_0)
FNDA:1,(anonymous_1)
FNDA:1,(anonymous_2)
FNDA:2,(anonymous_3)
DA:1,4
DA:2,4
DA:4,4
DA:7,3
DA:8,3
DA:10,3
DA:11,2
DA:13,1
DA:16,0
DA:17,0
DA:22,1
DA:24,1
DA:25,1
DA:30,1
DA:35,1
DA:37,0
DA:38,0
DA:43,1
DA:44,1
DA:46,1
DA:47,1
DA:49,0
DA:52,0
DA:53,0
DA:58,2
DA:59,2
DA:64,2
DA:65,2
DA:67,0
DA:70,0
DA:71,0
DA:78,4
LF:32
LH:22
BRDA:10,0,0,2
BRDA:10,0,1,1
BRDA:46,1,0,1
BRDA:46,1,1,0
BRDA:64,2,0,2
BRDA:64,2,1,0
BRF:6
BRH:4
end_of_record
TN:
SF:Models/teachers.js
FN:5,(anonymous_0)
FN:38,(anonymous_1)
FN:56,(anonymous_2)
FN:73,(anonymous_3)
FNF:4
FNH:4
FNDA:1,(anonymous_0)
FNDA:1,(anonymous_1)
FNDA:1,(anonymous_2)
FNDA:1,(anonymous_3)
DA:1,4
DA:2,4
DA:4,4
DA:15,1
DA:17,1
DA:18,1
DA:19,1
DA:23,1
DA:25,1
DA:29,1
DA:31,1
DA:33,0
DA:34,0
DA:39,1
DA:40,1
DA:45,1
DA:46,1
DA:48,0
DA:51,0
DA:52,0
DA:57,1
DA:58,1
DA:62,1
DA:63,1
DA:65,0
DA:68,0
DA:69,0
DA:79,1
DA:81,1
DA:82,1
DA:89,1
DA:90,1
DA:92,0
DA:95,0
DA:96,0
DA:103,4
LF:36
LH:25
BRDA:45,0,0,1
BRDA:45,0,1,0
BRDA:62,1,0,1
BRDA:62,1,1,0
BRDA:89,2,0,1
BRDA:89,2,1,0
BRF:6
BRH:3
end_of_record
TN:
SF:Routers/flashcards.js
FNF:0
FNH:0
DA:1,4
DA:2,4
DA:14,4
DA:16,4
DA:17,4
DA:18,4
DA:19,4
DA:20,4
DA:23,4
DA:24,4
DA:25,4
DA:28,4
LF:12
LH:12
BRF:0
BRH:0
end_of_record
TN:
SF:Routers/students.js
FNF:0
FNH:0
DA:1,4
DA:2,4
DA:9,4
DA:11,4
DA:12,4
DA:13,4
DA:14,4
DA:16,4
LF:8
LH:8
BRF:0
BRH:0
end_of_record
TN:
SF:Routers/teachers.js
FNF:0
FNH:0
DA:1,4
DA:2,4
DA:9,4
DA:11,4
DA:12,4
DA:13,4
DA:14,4
DA:16,4
LF:8
LH:8
BRF:0
BRH:0
end_of_record
TN:
SF:Routers/users.js
FNF:0
FNH:0
DA:1,4
DA:3,4
DA:4,4
DA:5,4
DA:7,4
DA:9,4
DA:10,4
DA:11,4
DA:12,4
DA:14,4
LF:10
LH:10
BRF:0
BRH:0
end_of_record
TN:
SF:SocketClasses/User.js
FN:2,(anonymous_0)
FN:9,(anonymous_1)
FN:13,(anonymous_2)
FN:17,(anonymous_3)
FNF:4
FNH:4
FNDA:10,(anonymous_0)
FNDA:2,(anonymous_1)
FNDA:1,(anonymous_2)
FNDA:1,(anonymous_3)
DA:3,10
DA:4,10
DA:5,10
DA:6,10
DA:10,2
DA:14,1
DA:18,1
DA:22,5
LF:8
LH:8
BRF:0
BRH:0
end_of_record
TN:
SF:database/db.js
FNF:0
FNH:0
DA:1,4
DA:2,4
DA:5,4
DA:6,4
DA:7,4
DA:11,0
DA:17,4
LF:7
LH:6
BRDA:5,0,0,4
BRDA:5,0,1,0
BRF:2
BRH:1
end_of_record
TN:
SF:database/setup-test-db.js
FN:3,(anonymous_0)
FN:116,(anonymous_1)
FN:155,(anonymous_2)
FNF:3
FNH:3
FNDA:13,(anonymous_0)
FNDA:13,(anonymous_1)
FNDA:13,(anonymous_2)
DA:1,1
DA:3,1
DA:4,13
DA:6,13
DA:110,13
DA:112,0
DA:116,1
DA:117,13
DA:118,13
DA:149,13
DA:151,0
DA:155,1
DA:156,13
DA:158,13
DA:176,13
DA:178,0
DA:181,1
LF:17
LH:14
BRF:0
BRH:0
end_of_record
TN:
SF:test_data/user_data.js
FNF:0
FNH:0
DA:1,1
DA:3,1
DA:8,1
LF:3
LH:3
BRF:0
BRH:0
end_of_record
